<?xml version="1.0" encoding="UTF-8"?>
<testng-results ignored="0" total="1" passed="1" failed="0" skipped="0">
  <reporter-output>
  </reporter-output>
  <suite started-at="2024-05-31T15:11:27 AEST" name="Default suite" finished-at="2024-05-31T15:11:45 AEST" duration-ms="18757">
    <groups>
    </groups>
    <test started-at="2024-05-31T15:11:27 AEST" name="Default test" finished-at="2024-05-31T15:11:45 AEST" duration-ms="18757">
      <class name="tests.DashboardTest">
        <test-method is-config="true" signature="launchApp()[pri:0, instance:tests.DashboardTest@41a2befb]" started-at="2024-05-31T15:11:27 AEST" name="launchApp" description="Launching the app and proceed to dashboard" finished-at="2024-05-31T15:11:45 AEST" duration-ms="18702" status="PASS">
          <reporter-output>
          </reporter-output>
        </test-method> <!-- launchApp -->
        <test-method signature="sampleTest()[pri:0, instance:tests.DashboardTest@41a2befb]" started-at="2024-05-31T15:11:45 AEST" name="sampleTest" finished-at="2024-05-31T15:11:45 AEST" duration-ms="10" status="PASS">
          <reporter-output>
          </reporter-output>
        </test-method> <!-- sampleTest -->
        <test-method is-config="true" signature="closeApp()[pri:0, instance:tests.DashboardTest@41a2befb]" started-at="2024-05-31T15:11:45 AEST" name="closeApp" finished-at="2024-05-31T15:11:45 AEST" duration-ms="0" status="PASS">
          <reporter-output>
          </reporter-output>
        </test-method> <!-- closeApp -->
      </class> <!-- tests.DashboardTest -->
    </test> <!-- Default test -->
  </suite> <!-- Default suite -->
</testng-results>
